*** Starting uWSGI 2.0.12-debian (64bit) on [Sat Apr 29 03:09:04 2017] ***
compiled with version: 5.3.1 20160412 on 13 April 2016 08:36:06
os: Linux-4.4.0-1013-aws #22-Ubuntu SMP Fri Mar 31 15:41:31 UTC 2017
nodename: ip-172-31-24-107
machine: x86_64
clock source: unix
pcre jit disabled
detected number of CPU cores: 1
current working directory: /home/ubuntu/WhatToMusic
writing pidfile to /home/ubuntu/WhatToMusic/application.pid
detected binary path: /usr/bin/uwsgi-core
*** WARNING: you are running uWSGI without its master process manager ***
your processes number limit is 3902
your memory page size is 4096 bytes
detected max file descriptor number: 1024
lock engine: pthread robust mutexes
thunder lock: disabled (you can enable it with --thunder-lock)
uwsgi socket 0 bound to TCP address 127.0.0.1:3033 fd 3
Python version: 2.7.12 (default, Nov 19 2016, 06:48:10)  [GCC 5.4.0 20160609]
Set PythonHome to /home/ubuntu/WhatToMusic
*** Python threads support is disabled. You can enable it with --enable-threads ***
Python main interpreter initialized at 0x1774dd0
your server socket listen backlog is limited to 100 connections
your mercy for graceful operations on workers is 60 seconds
mapped 72768 bytes (71 KB) for 1 cores
*** Operational MODE: single process ***
added /home/ubuntu/WhatToMusic/ to pythonpath.
WSGI app 0 (mountpoint='') ready in 0 seconds on interpreter 0x1774dd0 pid: 21688 (default app)
mountpoint  already configured. skip.
*** uWSGI is running in multiple interpreter mode ***
spawned uWSGI worker 1 (and the only) (pid: 21688, cores: 1)
